Arguments: 
  /usr/bin/node /usr/share/yarn/bin/yarn.js browserwatch

PATH: 
  /home/kody/code/games/petridish/node_modules/.bin:/home/kody/.config/yarn/link/node_modules/.bin:/home/kody/code/games/petridish/node_modules/.bin:/home/kody/.config/yarn/link/node_modules/.bin:/usr/libexec/lib/node_modules/npm/bin/node-gyp-bin:/usr/lib/node_modules/npm/bin/node-gyp-bin:/usr/bin/node_modules/npm/bin/node-gyp-bin:/home/kody/exec -l /bin/bash/google-cloud-sdk/bin:/home/kody/.npm-global/bin:/home/kody/bin:/home/kody/.local/bin:/home/kody/exec -l /bin/bash/google-cloud-sdk/bin:/home/kody/.npm-global/bin:/home/kody/bin:/home/kody/.local/bin:/usr/local/sbin:/usr/local/bin:/usr/sbin:/usr/bin:/sbin:/bin:/usr/games:/usr/local/games:/snap/bin

Yarn version: 
  1.5.1

Node version: 
  8.11.1

Platform: 
  linux x64

npm manifest: 
  {
    "name": "petridish",
    "version": "1.0.0",
    "description": "",
    "main": "index.js",
    "scripts": {
      "dev": "yarn link brion && yarn install && ion -c",
      "browserwatch": "brion -t template.html ion . -o index.html -w",
      "watch": "yarn browserwatch & ion -w",
      "watchWin": "start yarn browserwatch && ion -w"
    },
    "author": "KJK",
    "license": "MIT",
    "dependencies": {
      "ion": "https://github.com/krisnye/ion.git",
      "brion": "https://github.com/KodyJKing/brion.git"
    },
    "directories": {
      "lib": "lib",
      "src": "src"
    }
  }

yarn manifest: 
  No manifest

Lockfile: 
  No lockfile

Trace: 
  Error: Command failed.
  Exit code: 1
  Command: sh
  Arguments: -c brion -t template.html ion . -o index.html -w
  Directory: /home/kody/code/games/petridish
  Output:
  
      at ProcessTermError.MessageError (/usr/share/yarn/lib/cli.js:186:110)
      at new ProcessTermError (/usr/share/yarn/lib/cli.js:226:113)
      at ChildProcess.<anonymous> (/usr/share/yarn/lib/cli.js:30281:17)
      at emitTwo (events.js:126:13)
      at ChildProcess.emit (events.js:214:7)
      at maybeClose (internal/child_process.js:925:16)
      at Process.ChildProcess._handle.onexit (internal/child_process.js:209:5)
